<?xml version="1.0" encoding="UTF-8"?>
<!-- Generated by org.testng.reporters.JUnitReportReporter -->
<testsuite skipped="0" hostname="DESKTOP-4T5QK25" name="test.FirstSeleniumTest" tests="1" failures="0" timestamp="2020-09-27T08:32:39 SGT" time="7.149" errors="0">
  <testcase name="runTest" time="7.149" classname="test.FirstSeleniumTest"/>
  <system-out/>
</testsuite> <!-- test.FirstSeleniumTest -->
