<?xml version="1.0" encoding="UTF-8"?>
<!-- Generated by org.testng.reporters.JUnitReportReporter -->
<testsuite skipped="0" hostname="DESKTOP-4T5QK25" name="test.FirstSeleniumTest_ExtentReports_TestNG" tests="1" failures="0" timestamp="2020-09-27T22:06:04 SGT" time="6.478" errors="0">
  <testcase name="runTest" time="6.478" classname="test.FirstSeleniumTest_ExtentReports_TestNG"/>
  <system-out/>
</testsuite> <!-- test.FirstSeleniumTest_ExtentReports_TestNG -->
