<?xml version="1.0" encoding="UTF-8"?>
<!-- Generated by org.testng.reporters.JUnitReportReporter -->
<testsuite skipped="0" hostname="DESKTOP-4T5QK25" name="test.FirstSeleniumTest_ExtentReports_TestNG" tests="2" failures="0" timestamp="2020-09-27T22:40:02 SGT" time="13.048" errors="0">
  <testcase name="runTest" time="8.658" classname="test.FirstSeleniumTest_ExtentReports_TestNG"/>
  <system-out/>
  <testcase name="runTest2" time="4.390" classname="test.FirstSeleniumTest_ExtentReports_TestNG"/>
  <system-out/>
</testsuite> <!-- test.FirstSeleniumTest_ExtentReports_TestNG -->
