<?xml version="1.0" encoding="UTF-8"?>
<!-- Generated by org.testng.reporters.JUnitReportReporter -->
<testsuite skipped="0" hostname="DESKTOP-4T5QK25" name="test.FirstSeleniumTest_TestNG_2" tests="2" failures="0" timestamp="2020-09-29T21:58:45 SGT" time="18.579" errors="0">
  <testcase name="runTest2" time="12.114" classname="test.FirstSeleniumTest_TestNG_2"/>
  <system-out/>
  <testcase name="runTest3" time="6.465" classname="test.FirstSeleniumTest_TestNG_2"/>
  <system-out/>
</testsuite> <!-- test.FirstSeleniumTest_TestNG_2 -->
