<?xml version="1.0" encoding="UTF-8"?>
<!-- Generated by org.testng.reporters.JUnitReportReporter -->
<testsuite skipped="0" hostname="DESKTOP-4T5QK25" name="test.FirstSeleniumTest_TestNG" tests="1" failures="0" timestamp="2020-09-29T21:58:45 SGT" time="11.859" errors="0">
  <testcase name="runTest" time="11.859" classname="test.FirstSeleniumTest_TestNG"/>
  <system-out/>
</testsuite> <!-- test.FirstSeleniumTest_TestNG -->
