<?xml version="1.0" encoding="UTF-8"?>
<!-- Generated by org.testng.reporters.JUnitReportReporter -->
<testsuite skipped="0" hostname="DESKTOP-4T5QK25" name="test.FirstSeleniumTest_TestNG" tests="1" failures="0" timestamp="27 Sep 2020 01:20:41 GMT" time="8.421" errors="0">
  <testcase name="runTest" time="8.421" classname="test.FirstSeleniumTest_TestNG"/>
</testsuite> <!-- test.FirstSeleniumTest_TestNG -->
